unityLibrary/build/intermediates/manifest_merge_blame_file/debug/manifest-merger-blame-debug-report.txt
1<?xml version="1.0" encoding="utf-8"?>
2<!-- GENERATED BY UNITY. REMOVE THIS COMMENT TO PREVENT OVERWRITING WHEN EXPORTING AGAIN -->
3<manifest xmlns:android="http://schemas.android.com/apk/res/android"
4    xmlns:tools="http://schemas.android.com/tools"
5    package="com.unity3d.player"
6    android:versionCode="1"
7    android:versionName="0.1" >
8
9    <uses-sdk
10        android:minSdkVersion="19"
10-->src\main\AndroidManifest.xml
11        android:targetSdkVersion="30" />
11-->src\main\AndroidManifest.xml
12
13    <uses-feature android:glEsVersion="0x00030000" />
13-->src\main\AndroidManifest.xml:15:3-52
13-->src\main\AndroidManifest.xml:15:17-49
14    <uses-feature
14-->src\main\AndroidManifest.xml:16:3-91
15        android:name="android.hardware.vulkan.version"
15-->src\main\AndroidManifest.xml:16:17-63
16        android:required="false" />
16-->src\main\AndroidManifest.xml:16:64-88
17
18    <uses-permission android:name="android.permission.CAMERA" />
18-->src\main\AndroidManifest.xml:17:3-63
18-->src\main\AndroidManifest.xml:17:20-60
19
20    <uses-feature
20-->src\main\AndroidManifest.xml:18:3-83
21        android:name="android.hardware.camera"
21-->src\main\AndroidManifest.xml:18:17-55
22        android:required="false" />
22-->src\main\AndroidManifest.xml:18:56-80
23    <uses-feature
23-->src\main\AndroidManifest.xml:19:3-93
24        android:name="android.hardware.camera.autofocus"
24-->src\main\AndroidManifest.xml:19:17-65
25        android:required="false" />
25-->src\main\AndroidManifest.xml:19:66-90
26    <uses-feature
26-->src\main\AndroidManifest.xml:20:3-89
27        android:name="android.hardware.camera.front"
27-->src\main\AndroidManifest.xml:20:17-61
28        android:required="false" />
28-->src\main\AndroidManifest.xml:20:62-86
29    <uses-feature
29-->src\main\AndroidManifest.xml:21:3-88
30        android:name="android.hardware.touchscreen"
30-->src\main\AndroidManifest.xml:21:17-60
31        android:required="false" />
31-->src\main\AndroidManifest.xml:21:61-85
32    <uses-feature
32-->src\main\AndroidManifest.xml:22:3-99
33        android:name="android.hardware.touchscreen.multitouch"
33-->src\main\AndroidManifest.xml:22:17-71
34        android:required="false" />
34-->src\main\AndroidManifest.xml:22:72-96
35    <uses-feature
35-->src\main\AndroidManifest.xml:23:3-108
36        android:name="android.hardware.touchscreen.multitouch.distinct"
36-->src\main\AndroidManifest.xml:23:17-80
37        android:required="false" />
37-->src\main\AndroidManifest.xml:23:81-105
38
39    <application>
39-->src\main\AndroidManifest.xml:4:3-14:17
40        <activity
40-->src\main\AndroidManifest.xml:5:5-9:16
41            android:name="com.unity3d.player.UnityPlayerActivity"
41-->src\main\AndroidManifest.xml:5:15-68
42            android:configChanges="mcc|mnc|locale|touchscreen|keyboard|keyboardHidden|navigation|orientation|screenLayout|uiMode|screenSize|smallestScreenSize|fontScale|layoutDirection|density"
42-->src\main\AndroidManifest.xml:5:187-368
43            android:hardwareAccelerated="false"
43-->src\main\AndroidManifest.xml:5:369-404
44            android:launchMode="singleTask"
44-->src\main\AndroidManifest.xml:5:155-186
45            android:screenOrientation="sensorLandscape"
45-->src\main\AndroidManifest.xml:5:111-154
46            android:theme="@style/UnityThemeSelector" >
46-->src\main\AndroidManifest.xml:5:69-110
47            <meta-data
47-->src\main\AndroidManifest.xml:7:7-82
48                android:name="unityplayer.UnityActivity"
48-->src\main\AndroidManifest.xml:7:18-58
49                android:value="true" />
49-->src\main\AndroidManifest.xml:7:59-79
50            <meta-data
50-->src\main\AndroidManifest.xml:8:7-78
51                android:name="android.notch_support"
51-->src\main\AndroidManifest.xml:8:18-54
52                android:value="true" />
52-->src\main\AndroidManifest.xml:8:55-75
53        </activity>
54
55        <meta-data
55-->src\main\AndroidManifest.xml:10:5-69
56            android:name="unity.splash-mode"
56-->src\main\AndroidManifest.xml:10:16-48
57            android:value="0" />
57-->src\main\AndroidManifest.xml:10:49-66
58        <meta-data
58-->src\main\AndroidManifest.xml:11:5-74
59            android:name="unity.splash-enable"
59-->src\main\AndroidManifest.xml:11:16-50
60            android:value="True" />
60-->src\main\AndroidManifest.xml:11:51-71
61        <meta-data
61-->src\main\AndroidManifest.xml:12:5-81
62            android:name="notch.config"
62-->src\main\AndroidManifest.xml:12:16-43
63            android:value="portrait|landscape" />
63-->src\main\AndroidManifest.xml:12:44-78
64        <meta-data
64-->src\main\AndroidManifest.xml:13:5-101
65            android:name="unity.build-id"
65-->src\main\AndroidManifest.xml:13:16-45
66            android:value="99314da1-1fe3-4e0b-9ae7-0099ac9acbc7" />
66-->src\main\AndroidManifest.xml:13:46-98
67    </application>
68
69</manifest>